<?xml version="1.0" encoding="UTF-8"?>
<!-- Generated by org.testng.reporters.JUnitReportReporter -->
<testsuite hostname="Er_Ankur_Sharma" failures="0" tests="2" name="TestPage.FlightSearchTest" time="6.220" errors="0" timestamp="2025-01-06T22:50:10 IST" skipped="0">
  <testcase classname="TestPage.FlightSearchTest" name="testClosePopup" time="0.283"/>
  <testcase classname="TestPage.FlightSearchTest" name="testSearchFlights" time="5.937"/>
</testsuite> <!-- TestPage.FlightSearchTest -->
