<?xml version="1.0" encoding="UTF-8"?>
<!-- Generated by org.testng.reporters.JUnitReportReporter -->
<testsuite hostname="Er_Ankur_Sharma" failures="0" tests="2" name="crm.qa.testcases.LoginpageTest" time="23.632" errors="0" timestamp="2024-12-20T22:23:33 IST" skipped="0">
  <testcase classname="crm.qa.testcases.LoginpageTest" name="atlogoTest" time="7.875"/>
  <testcase classname="crm.qa.testcases.LoginpageTest" name="loginTest" time="15.757"/>
</testsuite> <!-- crm.qa.testcases.LoginpageTest -->
