<?xml version="1.0" encoding="UTF-8"?>
<!-- Generated by org.testng.reporters.JUnitReportReporter -->
<testsuite hostname="Er_Ankur_Sharma" failures="0" tests="1" name="crm.qa.testcases.CheckoutPageTest" time="43.715" errors="0" timestamp="2024-11-26T17:44:23 IST" skipped="0">
  <testcase classname="crm.qa.testcases.CheckoutPageTest" name="clickonButtonTest" time="43.715"/>
</testsuite> <!-- crm.qa.testcases.CheckoutPageTest -->
