<?xml version="1.0" encoding="UTF-8"?>
<!-- Generated by org.testng.reporters.JUnitReportReporter -->
<testsuite hostname="Er_Ankur_Sharma" failures="0" tests="3" name="crm.qa.testcases.HomePageTest" time="34.465" errors="0" timestamp="2024-11-26T17:44:23 IST" skipped="0">
  <testcase classname="crm.qa.testcases.HomePageTest" name="verifyHomePageTitleTest" time="12.953"/>
  <testcase classname="crm.qa.testcases.HomePageTest" name="VerifyuserNameLabel" time="8.570"/>
  <testcase classname="crm.qa.testcases.HomePageTest" name="ClickonButtonTest" time="12.942"/>
</testsuite> <!-- crm.qa.testcases.HomePageTest -->
